<< CAP LS 302
<< JOIN :
>> :irc.example.com CAP * LS :multi-prefix
<< CAP REQ :multi-prefix
>> :irc.example.com 451 * :Connection not registered
>> :irc.example.com CAP * ACK :multi-prefix
<< CAP END
<< NICK suham
<< USER suham suham 127.0.0.1 :Sumin Ham
>> :irc.example.com 001 suham :Welcome to the Internet Relay Network suham!~suham@localhost
<< MODE suham +i
>> :irc.example.com 002 suham :Your host is irc.example.com, running version ngircd-27 (x86_64/apple/darwin19.6.0)
>> :irc.example.com 003 suham :This server has been started Thu Jul 04 2024 at 16:16:26 (KST)
>> :irc.example.com 004 suham irc.example.com ngircd-27 abBcCFiIoqrRswx abehiIklmMnoOPqQrRstvVz
>> :irc.example.com 005 suham RFC2812 IRCD=ngIRCd CHARSET=UTF-8 CASEMAPPING=ascii PREFIX=(qaohv)~&@%+ CHANTYPES=#&+ CHANMODES=beI,k,l,imMnOPQRstVz CHANLIMIT=#&+:10 :are supported on this server
>> :irc.example.com 005 suham CHANNELLEN=50 NICKLEN=9 TOPICLEN=490 AWAYLEN=127 KICKLEN=400 MODES=5 MAXLIST=beI:50 EXCEPTS=e INVEX=I PENALTY FNC :are supported on this server
>> :irc.example.com 251 suham :There are 1 users and 0 services on 1 servers
>> :irc.example.com 254 suham 1 :channels formed
>> :irc.example.com 255 suham :I have 1 users, 0 services and 0 servers
>> :irc.example.com 265 suham 1 1 :Current local users: 1, Max: 1
>> :irc.example.com 266 suham 1 1 :Current global users: 1, Max: 1
>> :irc.example.com 250 suham :Highest connection count: 1 (1 connections received)
>> :irc.example.com 375 suham :- irc.example.com message of the day
>> :irc.example.com 372 suham :- Welcome to Example IRC Server!
>> :irc.example.com 372 suham :- 
>> :irc.example.com 376 suham :End of MOTD command
>> :suham!~suham@localhost MODE suham :+i
<< PING irc.example.com
>> :irc.example.com PONG irc.example.com :irc.example.com
--> lag pong
<< PING irc.example.com
>> :irc.example.com PONG irc.example.com :irc.example.com
--> lag pong
<< PING irc.example.com
>> :irc.example.com PONG irc.example.com :irc.example.com
--> lag pong
<< CAP
>> :irc.example.com 461 suham CAP :Syntax error
